[0.090s] Invoking command in '/home/algam/industrial_arm_ws/build/my_robot_moveit_config': DEBUGINFOD_URLS=https://debuginfod.ubuntu.com /usr/bin/cmake --build /home/algam/industrial_arm_ws/build/my_robot_moveit_config -- -j4 -l4
[0.296s] -- Found ament_cmake: 2.5.4 (/opt/ros/jazzy/share/ament_cmake/cmake)
[0.919s] Error parsing '/home/algam/industrial_arm_ws/src/my_robot_moveit_config/package.xml':
[3.031s] Traceback (most recent call last):
[3.031s]   File "/usr/lib/python3/dist-packages/catkin_pkg/package.py", line 610, in parse_package_string
[3.031s]     root = dom.parseString(data)
[3.031s]            ^^^^^^^^^^^^^^^^^^^^^
[3.031s]   File "/usr/lib/python3.12/xml/dom/minidom.py", line 2000, in parseString
[3.031s]     return expatbuilder.parseString(string)
[3.031s]            ^^^^^^^^^^^^^^^^^^^^^^^^^^^^^^^^
[3.032s]   File "/usr/lib/python3.12/xml/dom/expatbuilder.py", line 922, in parseString
[3.032s]     return builder.parseString(string)
[3.032s]            ^^^^^^^^^^^^^^^^^^^^^^^^^^^
[3.032s]   File "/usr/lib/python3.12/xml/dom/expatbuilder.py", line 220, in parseString
[3.032s]     parser.Parse(string, True)
[3.032s] xml.parsers.expat.ExpatError: syntax error: line 1, column 0
[3.032s] 
[3.032s] During handling of the above exception, another exception occurred:
[3.032s] 
[3.032s] Traceback (most recent call last):
[3.032s]   File "/opt/ros/jazzy/share/ament_cmake_core/cmake/core/package_xml_2_cmake.py", line 150, in <module>
[3.033s]     main()
[3.033s]   File "/opt/ros/jazzy/share/ament_cmake_core/cmake/core/package_xml_2_cmake.py", line 53, in main
[3.033s]     raise e
[3.033s]   File "/opt/ros/jazzy/share/ament_cmake_core/cmake/core/package_xml_2_cmake.py", line 49, in main
[3.033s]     package = parse_package_string(
[3.033s]               ^^^^^^^^^^^^^^^^^^^^^
[3.033s]   File "/usr/lib/python3/dist-packages/catkin_pkg/package.py", line 612, in parse_package_string
[3.033s]     raise InvalidPackage('The manifest contains invalid XML:\n%s' % ex, filename)
[3.033s] catkin_pkg.package.InvalidPackage: Error(s) in package '/home/algam/industrial_arm_ws/src/my_robot_moveit_config/package.xml':
[3.033s] The manifest contains invalid XML:
[3.034s] syntax error: line 1, column 0
[3.182s] [31mCMake Error at /opt/ros/jazzy/share/ament_cmake_core/cmake/core/ament_package_xml.cmake:95 (message):
[3.182s]   execute_process(/usr/bin/python3
[3.183s]   /opt/ros/jazzy/share/ament_cmake_core/cmake/core/package_xml_2_cmake.py
[3.183s]   /home/algam/industrial_arm_ws/src/my_robot_moveit_config/package.xml
[3.184s]   /home/algam/industrial_arm_ws/build/my_robot_moveit_config/ament_cmake_core/package.cmake)
[3.184s]   returned error code 1
[3.184s] Call Stack (most recent call first):
[3.184s]   /opt/ros/jazzy/share/ament_cmake_core/cmake/core/ament_package_xml.cmake:49 (_ament_package_xml)
[3.185s]   /opt/ros/jazzy/share/ament_cmake_core/cmake/core/ament_package.cmake:63 (ament_package_xml)
[3.185s]   CMakeLists.txt:6 (ament_package)
[3.185s] 
[3.185s] [0m
[3.185s] -- Configuring incomplete, errors occurred!
[3.201s] gmake: *** [Makefile:226: cmake_check_build_system] Error 1
[3.207s] Invoked command in '/home/algam/industrial_arm_ws/build/my_robot_moveit_config' returned '2': DEBUGINFOD_URLS=https://debuginfod.ubuntu.com /usr/bin/cmake --build /home/algam/industrial_arm_ws/build/my_robot_moveit_config -- -j4 -l4
